<?xml version="1.0" encoding="UTF-8"?>
<testsuite name="MyFirstJUnitJupiterTest" tests="1" skipped="0" failures="0" errors="0" timestamp="2020-11-30T16:01:33" hostname="DESKTOP-LJ10OUE" time="0.014">
  <properties/>
  <testcase name="create()" classname="MyFirstJUnitJupiterTest" time="0.014"/>
  <system-out><![CDATA[]]></system-out>
  <system-err><![CDATA[]]></system-err>
</testsuite>
